<?xml version="1.0" ?>
<coverage version="7.13.4" timestamp="1773678612351" lines-valid="5" lines-covered="0" line-rate="0" branches-covered="0" branches-valid="0" branch-rate="0" complexity="0">
	<!-- Generated by coverage.py: https://coverage.readthedocs.io/en/7.13.4 -->
	<!-- Based on https://raw.githubusercontent.com/cobertura/web/master/htdocs/xml/coverage-04.dtd -->
	<sources>
		<source>/Users/julien/git/geofoncier-test/.claude/worktrees/frosty-goldwasser/task-service/app</source>
	</sources>
	<packages>
		<package name="." line-rate="0" branch-rate="0" complexity="0">
			<classes>
				<class name="dependencies.py" filename="dependencies.py" complexity="0" line-rate="1" branch-rate="0">
					<methods/>
					<lines/>
				</class>
				<class name="exceptions.py" filename="exceptions.py" complexity="0" line-rate="1" branch-rate="0">
					<methods/>
					<lines/>
				</class>
				<class name="main.py" filename="main.py" complexity="0" line-rate="0" branch-rate="0">
					<methods/>
					<lines>
						<line number="1" hits="0"/>
						<line number="3" hits="0"/>
						<line number="6" hits="0"/>
						<line number="7" hits="0"/>
						<line number="8" hits="0"/>
					</lines>
				</class>
			</classes>
		</package>
		<package name="models" line-rate="1" branch-rate="0" complexity="0">
			<classes>
				<class name="__init__.py" filename="models/__init__.py" complexity="0" line-rate="1" branch-rate="0">
					<methods/>
					<lines/>
				</class>
			</classes>
		</package>
		<package name="routes" line-rate="1" branch-rate="0" complexity="0">
			<classes>
				<class name="__init__.py" filename="routes/__init__.py" complexity="0" line-rate="1" branch-rate="0">
					<methods/>
					<lines/>
				</class>
			</classes>
		</package>
		<package name="schemas" line-rate="1" branch-rate="0" complexity="0">
			<classes>
				<class name="__init__.py" filename="schemas/__init__.py" complexity="0" line-rate="1" branch-rate="0">
					<methods/>
					<lines/>
				</class>
			</classes>
		</package>
		<package name="services" line-rate="1" branch-rate="0" complexity="0">
			<classes>
				<class name="__init__.py" filename="services/__init__.py" complexity="0" line-rate="1" branch-rate="0">
					<methods/>
					<lines/>
				</class>
			</classes>
		</package>
	</packages>
</coverage>
